<?xml version="1.0" encoding="UTF-8"?>
<!-- Generated by org.testng.reporters.JUnitXMLReporter -->
<testsuite ignored="0" hostname="DESKTOP-4V6MEV2" failures="2" tests="10" name="Test" time="78.086" errors="0" timestamp="2024-11-27T12:02:58 IST">
  <testcase classname="ListenersWithSuiteFile.TestCase7" name="redbus" time="7.689">
    <failure type="java.lang.AssertionError" message="expected [bava] but found [java]">
      <![CDATA[java.lang.AssertionError: expected [bava] but found [java]
at ListenersWithSuiteFile.TestCase7.redbus(TestCase7.java:20)
at java.base/java.util.ArrayList.forEach(ArrayList.java:1596)
... Removed 31 stack frames]]>
    </failure>
  </testcase> <!-- redbus -->
  <testcase classname="ListenersWithSuiteFile.TestCase8" name="qspiders" time="1.925"/>
  <testcase classname="ListenersWithSuiteFile.TestCase3" name="flipcart" time="7.01"/>
  <testcase classname="ListenersWithSuiteFile.TestCase4" name="meesho" time="6.742"/>
  <testcase classname="ListenersWithSuiteFile.TestCase5" name="myntra" time="14.197"/>
  <testcase classname="ListenersWithSuiteFile.TestCase6" name="blinkit" time="5.965"/>
  <testcase classname="ListenersWithSuiteFile.TestCase1" name="ktm" time="6.547">
    <failure type="java.lang.AssertionError" message="expected [preeya] but found [priya]">
      <![CDATA[java.lang.AssertionError: expected [preeya] but found [priya]
at ListenersWithSuiteFile.TestCase1.ktm(TestCase1.java:32)
at java.base/java.util.ArrayList.forEach(ArrayList.java:1596)
... Removed 31 stack frames]]>
    </failure>
  </testcase> <!-- ktm -->
  <testcase classname="ListenersWithSuiteFile.TestCase1" name="honda" time="20.43"/>
  <testcase classname="ListenersWithSuiteFile.TestCase1" name="royalenfield" time="0.0">
    <skipped/>
  </testcase> <!-- royalenfield -->
  <testcase classname="ListenersWithSuiteFile.TestCase2" name="amazon" time="7.166"/>
</testsuite> <!-- Test -->
