<?xml version="1.0" encoding="UTF-8"?>
<testng-results ignored="0" total="1" passed="1" failed="0" skipped="0">
  <reporter-output>
  </reporter-output>
  <suite started-at="2024-11-28T11:04:13 IST" name="Default suite" finished-at="2024-11-28T11:04:13 IST" duration-ms="204">
    <groups>
    </groups>
    <test started-at="2024-11-28T11:04:13 IST" name="Default test" finished-at="2024-11-28T11:04:13 IST" duration-ms="204">
      <class name="javautility.DateFormat">
        <test-method signature="main()[pri:0, instance:javautility.DateFormat@63376bed]" started-at="2024-11-28T11:04:13 IST" name="main" finished-at="2024-11-28T11:04:13 IST" duration-ms="127" status="PASS">
          <reporter-output>
          </reporter-output>
        </test-method> <!-- main -->
      </class> <!-- javautility.DateFormat -->
    </test> <!-- Default test -->
  </suite> <!-- Default suite -->
</testng-results>
